12:03:55.553 [main] INFO  api.testcases.UserTests - ********** Creating user **********
12:03:58.900 [main] INFO  api.testcases.UserTests - ********** user is created **********
12:03:58.915 [main] INFO  api.testcases.UserTests - ********** Reading user Info **********
12:03:59.681 [main] INFO  api.testcases.UserTests - ********** user info is displayed **********
12:03:59.682 [main] INFO  api.testcases.UserTests - ********** Updating user **********
12:04:01.221 [main] INFO  api.testcases.UserTests - ********** user is updated **********
12:04:01.222 [main] INFO  api.testcases.UserTests - ********** Deleting user **********
12:04:01.969 [main] INFO  api.testcases.UserTests - ********** user is deleted **********
11:00:36.718 [main] INFO  api.testcases.UserTests2 - ********** Creating user **********
11:00:36.736 [main] INFO  api.testcases.UserTests2 - ********** Reading user Info **********
11:00:36.739 [main] INFO  api.testcases.UserTests2 - ********** Updating user **********
11:00:36.743 [main] INFO  api.testcases.UserTests2 - ********** Deleting user **********
13:19:19.408 [main] INFO  api.testcases.UserTests2 - ********** Creating user **********
13:19:19.440 [main] INFO  api.testcases.UserTests2 - ********** Reading user Info **********
13:19:19.444 [main] INFO  api.testcases.UserTests2 - ********** Updating user **********
13:19:19.449 [main] INFO  api.testcases.UserTests2 - ********** Deleting user **********
13:21:15.949 [main] INFO  api.testcases.UserTests2 - ********** Creating user **********
13:21:15.973 [main] INFO  api.testcases.UserTests2 - ********** Reading user Info **********
13:21:15.977 [main] INFO  api.testcases.UserTests2 - ********** Updating user **********
13:21:15.982 [main] INFO  api.testcases.UserTests2 - ********** Deleting user **********
13:25:50.541 [main] INFO  api.testcases.UserTests2 - ********** Creating user **********
13:25:53.565 [main] INFO  api.testcases.UserTests2 - ********** user is created **********
13:25:53.579 [main] INFO  api.testcases.UserTests2 - ********** Reading user Info **********
13:25:54.357 [main] INFO  api.testcases.UserTests2 - ********** user info is displayed **********
13:25:54.360 [main] INFO  api.testcases.UserTests2 - ********** Updating user **********
13:25:55.912 [main] INFO  api.testcases.UserTests2 - ********** user is updated **********
13:25:55.915 [main] INFO  api.testcases.UserTests2 - ********** Deleting user **********
13:25:56.669 [main] INFO  api.testcases.UserTests2 - ********** user is deleted **********
15:13:24.456 [main] INFO  api.testcases.UserTests2 - ********** Creating user **********
15:13:27.622 [main] INFO  api.testcases.UserTests2 - ********** user is created **********
15:13:27.637 [main] INFO  api.testcases.UserTests2 - ********** Reading user Info **********
15:13:28.470 [main] INFO  api.testcases.UserTests2 - ********** user info is displayed **********
15:13:28.474 [main] INFO  api.testcases.UserTests2 - ********** Updating user **********
15:13:30.006 [main] INFO  api.testcases.UserTests2 - ********** user is updated **********
15:13:30.009 [main] INFO  api.testcases.UserTests2 - ********** Deleting user **********
15:13:30.757 [main] INFO  api.testcases.UserTests2 - ********** user is deleted **********
15:21:19.416 [main] INFO  api.testcases.UserTests2 - ********** Creating user **********
15:21:20.717 [main] INFO  api.testcases.UserTests2 - ********** Reading user Info **********
15:21:20.730 [main] INFO  api.testcases.UserTests2 - ********** Updating user **********
15:21:20.742 [main] INFO  api.testcases.UserTests2 - ********** Deleting user **********
15:23:53.652 [main] INFO  api.testcases.UserTests2 - ********** Creating user **********
15:23:54.875 [main] INFO  api.testcases.UserTests2 - ********** Reading user Info **********
15:23:54.885 [main] INFO  api.testcases.UserTests2 - ********** Updating user **********
15:23:54.896 [main] INFO  api.testcases.UserTests2 - ********** Deleting user **********
16:05:34.093 [main] INFO  api.testcases.UserTests2 - ********** Creating user **********
16:05:35.367 [main] INFO  api.testcases.UserTests2 - ********** Reading user Info **********
16:05:35.380 [main] INFO  api.testcases.UserTests2 - ********** Updating user **********
16:05:35.391 [main] INFO  api.testcases.UserTests2 - ********** Deleting user **********
16:08:15.362 [main] INFO  api.testcases.UserTests2 - ********** Creating user **********
16:08:18.355 [main] INFO  api.testcases.UserTests2 - ********** user is created **********
16:08:18.371 [main] INFO  api.testcases.UserTests2 - ********** Reading user Info **********
16:08:19.164 [main] INFO  api.testcases.UserTests2 - ********** user info is displayed **********
16:08:19.167 [main] INFO  api.testcases.UserTests2 - ********** Updating user **********
16:08:20.717 [main] INFO  api.testcases.UserTests2 - ********** user is updated **********
16:08:20.721 [main] INFO  api.testcases.UserTests2 - ********** Deleting user **********
16:08:21.493 [main] INFO  api.testcases.UserTests2 - ********** user is deleted **********
16:09:07.299 [main] INFO  api.testcases.UserTests2 - ********** Creating user **********
16:09:10.113 [main] INFO  api.testcases.UserTests2 - ********** user is created **********
16:09:10.133 [main] INFO  api.testcases.UserTests2 - ********** Reading user Info **********
16:09:11.045 [main] INFO  api.testcases.UserTests2 - ********** user info is displayed **********
16:09:11.048 [main] INFO  api.testcases.UserTests2 - ********** Updating user **********
16:09:12.628 [main] INFO  api.testcases.UserTests2 - ********** user is updated **********
16:09:12.630 [main] INFO  api.testcases.UserTests2 - ********** Deleting user **********
16:09:13.426 [main] INFO  api.testcases.UserTests2 - ********** user is deleted **********
16:19:48.587 [main] INFO  api.testcases.UserTests2 - ********** Creating user **********
16:19:49.391 [main] INFO  api.testcases.UserTests2 - ********** Reading user Info **********
16:19:49.396 [main] INFO  api.testcases.UserTests2 - ********** Updating user **********
16:19:49.403 [main] INFO  api.testcases.UserTests2 - ********** Deleting user **********
16:22:49.191 [main] INFO  api.testcases.UserTests2 - ********** Creating user **********
16:22:52.188 [main] INFO  api.testcases.UserTests2 - ********** user is created **********
16:22:52.207 [main] INFO  api.testcases.UserTests2 - ********** Reading user Info **********
16:22:53.043 [main] INFO  api.testcases.UserTests2 - ********** user info is displayed **********
16:22:53.046 [main] INFO  api.testcases.UserTests2 - ********** Updating user **********
16:22:54.582 [main] INFO  api.testcases.UserTests2 - ********** user is updated **********
16:22:54.586 [main] INFO  api.testcases.UserTests2 - ********** Deleting user **********
16:22:55.326 [main] INFO  api.testcases.UserTests2 - ********** user is deleted **********
16:42:00.120 [main] INFO  api.testcases.UserTests2 - ********** Creating user **********
16:42:02.844 [main] INFO  api.testcases.UserTests2 - ********** user is created **********
16:42:02.875 [main] INFO  api.testcases.UserTests2 - ********** Reading user Info **********
16:42:03.787 [main] INFO  api.testcases.UserTests2 - ********** user info is displayed **********
16:42:03.790 [main] INFO  api.testcases.UserTests2 - ********** Updating user **********
16:42:05.337 [main] INFO  api.testcases.UserTests2 - ********** user is updated **********
16:42:05.341 [main] INFO  api.testcases.UserTests2 - ********** Deleting user **********
16:42:06.129 [main] INFO  api.testcases.UserTests2 - ********** user is deleted **********
12:25:25.235 [main] INFO  api.testcases.UserTests - ********** Creating user **********
12:25:26.301 [main] INFO  api.testcases.UserTests - ********** user is created **********
12:25:26.304 [main] INFO  api.testcases.UserTests - ********** Reading user Info **********
12:25:27.070 [main] INFO  api.testcases.UserTests - ********** user info is displayed **********
12:25:27.073 [main] INFO  api.testcases.UserTests - ********** Updating user **********
12:25:30.997 [main] INFO  api.testcases.UserTests - ********** user is updated **********
12:25:30.999 [main] INFO  api.testcases.UserTests - ********** Deleting user **********
12:25:31.796 [main] INFO  api.testcases.UserTests - ********** user is deleted **********
12:34:37.758 [main] INFO  api.testcases.UserTests - ********** Creating user **********
12:34:38.535 [main] INFO  api.testcases.UserTests - ********** user is created **********
12:34:38.538 [main] INFO  api.testcases.UserTests - ********** Reading user Info **********
12:34:39.266 [main] INFO  api.testcases.UserTests - ********** user info is displayed **********
12:34:39.269 [main] INFO  api.testcases.UserTests - ********** Updating user **********
12:34:41.863 [main] INFO  api.testcases.UserTests - ********** user is updated **********
12:34:41.866 [main] INFO  api.testcases.UserTests - ********** Deleting user **********
12:34:42.598 [main] INFO  api.testcases.UserTests - ********** user is deleted **********
12:35:53.561 [main] INFO  api.testcases.UserTests - ********** Creating user **********
12:35:54.362 [main] INFO  api.testcases.UserTests - ********** user is created **********
12:35:54.365 [main] INFO  api.testcases.UserTests - ********** Reading user Info **********
12:35:55.132 [main] INFO  api.testcases.UserTests - ********** user info is displayed **********
12:35:55.135 [main] INFO  api.testcases.UserTests - ********** Updating user **********
12:35:58.688 [main] INFO  api.testcases.UserTests - ********** user is updated **********
12:35:58.691 [main] INFO  api.testcases.UserTests - ********** Deleting user **********
12:36:00.126 [main] INFO  api.testcases.UserTests - ********** user is deleted **********
12:38:04.079 [main] INFO  api.testcases.UserTests - ********** Creating user **********
12:38:04.884 [main] INFO  api.testcases.UserTests - ********** user is created **********
12:38:04.886 [main] INFO  api.testcases.UserTests - ********** Reading user Info **********
12:38:05.628 [main] INFO  api.testcases.UserTests - ********** user info is displayed **********
12:38:05.631 [main] INFO  api.testcases.UserTests - ********** Updating user **********
12:38:08.456 [main] INFO  api.testcases.UserTests - ********** user is updated **********
12:38:08.458 [main] INFO  api.testcases.UserTests - ********** Deleting user **********
12:38:13.796 [main] INFO  api.testcases.UserTests - ********** user is deleted **********
12:56:57.540 [main] INFO  api.testcases.UserTests - ********** Creating user **********
12:56:58.642 [main] INFO  api.testcases.UserTests - ********** user is created **********
12:56:58.644 [main] INFO  api.testcases.UserTests - ********** Reading user Info **********
12:56:59.708 [main] INFO  api.testcases.UserTests - ********** user info is displayed **********
12:56:59.708 [main] INFO  api.testcases.UserTests - ********** Updating user **********
12:57:02.807 [main] INFO  api.testcases.UserTests - ********** user is updated **********
12:57:02.807 [main] INFO  api.testcases.UserTests - ********** Deleting user **********
12:57:03.552 [main] INFO  api.testcases.UserTests - ********** user is deleted **********
13:09:00.268 [main] INFO  api.testcases.UserTests - ********** Creating user **********
13:09:01.073 [main] INFO  api.testcases.UserTests - ********** user is created **********
13:09:01.074 [main] INFO  api.testcases.UserTests - ********** Reading user Info **********
13:09:01.850 [main] INFO  api.testcases.UserTests - ********** user info is displayed **********
13:09:01.852 [main] INFO  api.testcases.UserTests - ********** Updating user **********
13:09:03.370 [main] INFO  api.testcases.UserTests - ********** user is updated **********
13:09:03.372 [main] INFO  api.testcases.UserTests - ********** Deleting user **********
13:09:04.499 [main] INFO  api.testcases.UserTests - ********** user is deleted **********
13:09:50.028 [main] INFO  api.testcases.UserTests - ********** Creating user **********
13:09:51.221 [main] INFO  api.testcases.UserTests - ********** user is created **********
13:09:51.224 [main] INFO  api.testcases.UserTests - ********** Reading user Info **********
13:09:51.982 [main] INFO  api.testcases.UserTests - ********** user info is displayed **********
13:09:51.984 [main] INFO  api.testcases.UserTests - ********** Updating user **********
13:10:17.553 [main] INFO  api.testcases.UserTests - ********** user is updated **********
13:10:17.557 [main] INFO  api.testcases.UserTests - ********** Deleting user **********
13:10:18.469 [main] INFO  api.testcases.UserTests - ********** user is deleted **********
17:03:32.729 [main] INFO  api.testcases.UserTests - ********** Creating user **********
17:03:33.505 [main] INFO  api.testcases.UserTests - ********** user is created **********
17:03:33.507 [main] INFO  api.testcases.UserTests - ********** Reading user Info **********
17:03:35.173 [main] INFO  api.testcases.UserTests - ********** user info is displayed **********
17:03:35.173 [main] INFO  api.testcases.UserTests - ********** Updating user **********
17:03:37.118 [main] INFO  api.testcases.UserTests - ********** user is updated **********
17:03:37.120 [main] INFO  api.testcases.UserTests - ********** Deleting user **********
17:03:37.841 [main] INFO  api.testcases.UserTests - ********** user is deleted **********
17:13:57.149 [main] INFO  api.testcases.UserTests - ********** Creating user **********
17:13:57.909 [main] INFO  api.testcases.UserTests - ********** user is created **********
17:13:57.911 [main] INFO  api.testcases.UserTests - ********** Reading user Info **********
17:13:58.671 [main] INFO  api.testcases.UserTests - ********** user info is displayed **********
17:13:58.672 [main] INFO  api.testcases.UserTests - ********** Updating user **********
17:14:00.148 [main] INFO  api.testcases.UserTests - ********** user is updated **********
17:14:00.149 [main] INFO  api.testcases.UserTests - ********** Deleting user **********
17:14:00.903 [main] INFO  api.testcases.UserTests - ********** user is deleted **********
17:14:56.907 [main] INFO  api.testcases.UserTests - ********** Creating user **********
17:14:57.677 [main] INFO  api.testcases.UserTests - ********** user is created **********
17:14:57.678 [main] INFO  api.testcases.UserTests - ********** Reading user Info **********
17:14:59.350 [main] INFO  api.testcases.UserTests - ********** user info is displayed **********
17:14:59.351 [main] INFO  api.testcases.UserTests - ********** Updating user **********
17:15:06.821 [main] INFO  api.testcases.UserTests - ********** user is updated **********
17:15:06.822 [main] INFO  api.testcases.UserTests - ********** Deleting user **********
17:15:07.584 [main] INFO  api.testcases.UserTests - ********** user is deleted **********
17:28:45.612 [main] INFO  api.testcases.UserTests - ********** Creating user **********
17:28:46.365 [main] INFO  api.testcases.UserTests - ********** user is created **********
17:28:46.366 [main] INFO  api.testcases.UserTests - ********** Reading user Info **********
17:28:47.162 [main] INFO  api.testcases.UserTests - ********** user info is displayed **********
17:28:47.163 [main] INFO  api.testcases.UserTests - ********** Updating user **********
17:28:49.558 [main] INFO  api.testcases.UserTests - ********** user is updated **********
17:28:49.559 [main] INFO  api.testcases.UserTests - ********** Deleting user **********
17:28:50.307 [main] INFO  api.testcases.UserTests - ********** user is deleted **********
17:31:23.023 [main] INFO  api.testcases.UserTests - ********** Creating user **********
17:31:23.802 [main] INFO  api.testcases.UserTests - ********** user is created **********
17:31:23.804 [main] INFO  api.testcases.UserTests - ********** Reading user Info **********
17:31:24.516 [main] INFO  api.testcases.UserTests - ********** user info is displayed **********
17:31:24.517 [main] INFO  api.testcases.UserTests - ********** Updating user **********
17:31:25.978 [main] INFO  api.testcases.UserTests - ********** user is updated **********
17:31:25.979 [main] INFO  api.testcases.UserTests - ********** Deleting user **********
17:31:27.355 [main] INFO  api.testcases.UserTests - ********** user is deleted **********
14:25:17.791 [main] INFO  api.testcases.UserTests - ********** Creating user **********
14:25:19.505 [main] INFO  api.testcases.UserTests - ********** user is created **********
14:25:19.506 [main] INFO  api.testcases.UserTests - ********** Reading user Info **********
14:25:20.224 [main] INFO  api.testcases.UserTests - ********** user info is displayed **********
14:25:20.225 [main] INFO  api.testcases.UserTests - ********** Updating user **********
14:25:22.001 [main] INFO  api.testcases.UserTests - ********** user is updated **********
14:25:22.002 [main] INFO  api.testcases.UserTests - ********** Deleting user **********
14:25:22.712 [main] INFO  api.testcases.UserTests - ********** user is deleted **********
14:36:10.558 [main] INFO  api.testcases.UserTests - ********** Creating user **********
14:36:11.282 [main] INFO  api.testcases.UserTests - ********** user is created **********
14:36:11.284 [main] INFO  api.testcases.UserTests - ********** Reading user Info **********
14:36:12.303 [main] INFO  api.testcases.UserTests - ********** user info is displayed **********
14:36:12.304 [main] INFO  api.testcases.UserTests - ********** Updating user **********
14:36:13.822 [main] INFO  api.testcases.UserTests - ********** user is updated **********
14:36:13.823 [main] INFO  api.testcases.UserTests - ********** Deleting user **********
14:36:14.577 [main] INFO  api.testcases.UserTests - ********** user is deleted **********
14:39:04.077 [main] INFO  api.testcases.UserTests - ********** Creating user **********
14:39:04.843 [main] INFO  api.testcases.UserTests - ********** user is created **********
14:39:04.844 [main] INFO  api.testcases.UserTests - ********** Reading user Info **********
14:39:06.705 [main] INFO  api.testcases.UserTests - ********** user info is displayed **********
14:39:06.707 [main] INFO  api.testcases.UserTests - ********** Updating user **********
14:39:08.212 [main] INFO  api.testcases.UserTests - ********** user is updated **********
14:39:08.213 [main] INFO  api.testcases.UserTests - ********** Deleting user **********
14:39:09.219 [main] INFO  api.testcases.UserTests - ********** user is deleted **********
14:45:25.119 [main] INFO  api.testcases.UserTests - ********** Creating user **********
14:45:25.879 [main] INFO  api.testcases.UserTests - ********** user is created **********
14:45:25.880 [main] INFO  api.testcases.UserTests - ********** Reading user Info **********
14:45:26.594 [main] INFO  api.testcases.UserTests - ********** user info is displayed **********
14:45:26.596 [main] INFO  api.testcases.UserTests - ********** Updating user **********
14:45:28.933 [main] INFO  api.testcases.UserTests - ********** user is updated **********
14:45:28.934 [main] INFO  api.testcases.UserTests - ********** Deleting user **********
14:45:29.678 [main] INFO  api.testcases.UserTests - ********** user is deleted **********
15:04:02.875 [main] INFO  api.testcases.UserTests - ********** Creating user **********
15:04:03.654 [main] INFO  api.testcases.UserTests - ********** user is created **********
15:04:03.655 [main] INFO  api.testcases.UserTests - ********** Reading user Info **********
15:04:04.402 [main] INFO  api.testcases.UserTests - ********** user info is displayed **********
15:04:04.403 [main] INFO  api.testcases.UserTests - ********** Updating user **********
15:04:06.111 [main] INFO  api.testcases.UserTests - ********** user is updated **********
15:04:06.112 [main] INFO  api.testcases.UserTests - ********** Deleting user **********
15:04:06.816 [main] INFO  api.testcases.UserTests - ********** user is deleted **********
15:20:56.554 [main] INFO  api.testcases.UserTests - ********** Creating user **********
15:20:57.533 [main] INFO  api.testcases.UserTests - ********** user is created **********
15:20:57.533 [main] INFO  api.testcases.UserTests - ********** Reading user Info **********
15:20:58.292 [main] INFO  api.testcases.UserTests - ********** user info is displayed **********
15:20:58.294 [main] INFO  api.testcases.UserTests - ********** Updating user **********
15:21:02.290 [main] INFO  api.testcases.UserTests - ********** user is updated **********
15:21:02.292 [main] INFO  api.testcases.UserTests - ********** Deleting user **********
15:21:03.042 [main] INFO  api.testcases.UserTests - ********** user is deleted **********
15:23:22.378 [main] INFO  api.testcases.UserTests - ********** Creating user **********
15:23:23.125 [main] INFO  api.testcases.UserTests - ********** user is created **********
15:23:23.126 [main] INFO  api.testcases.UserTests - ********** Reading user Info **********
15:23:24.125 [main] INFO  api.testcases.UserTests - ********** user info is displayed **********
15:23:24.127 [main] INFO  api.testcases.UserTests - ********** Updating user **********
15:23:25.558 [main] INFO  api.testcases.UserTests - ********** user is updated **********
15:23:25.559 [main] INFO  api.testcases.UserTests - ********** Deleting user **********
15:23:26.284 [main] INFO  api.testcases.UserTests - ********** user is deleted **********
